<?xml version="1.0" encoding="UTF-8"?>
<testng-results ignored="0" total="1" passed="1" failed="0" skipped="0">
  <reporter-output>
  </reporter-output>
  <suite started-at="2026-01-25T11:16:02 IST" name="Surefire suite" finished-at="2026-01-25T11:16:08 IST" duration-ms="5851">
    <groups>
    </groups>
    <test started-at="2026-01-25T11:16:02 IST" name="Surefire test" finished-at="2026-01-25T11:16:08 IST" duration-ms="5851">
      <class name="org.test.WebpageTest">
        <test-method is-config="true" signature="openBrowser()[pri:0, instance:org.test.WebpageTest@4ae3c1cd]" started-at="2026-01-25T11:16:02 IST" name="openBrowser" finished-at="2026-01-25T11:16:07 IST" duration-ms="4335" status="PASS">
          <reporter-output>
          </reporter-output>
        </test-method> <!-- openBrowser -->
        <test-method signature="titleValidationTest()[pri:0, instance:org.test.WebpageTest@4ae3c1cd]" started-at="2026-01-25T11:16:07 IST" name="titleValidationTest" finished-at="2026-01-25T11:16:07 IST" duration-ms="101" status="PASS">
          <reporter-output>
          </reporter-output>
        </test-method> <!-- titleValidationTest -->
        <test-method is-config="true" signature="closeBrowser()[pri:0, instance:org.test.WebpageTest@4ae3c1cd]" started-at="2026-01-25T11:16:07 IST" name="closeBrowser" finished-at="2026-01-25T11:16:08 IST" duration-ms="1373" status="PASS">
          <reporter-output>
          </reporter-output>
        </test-method> <!-- closeBrowser -->
      </class> <!-- org.test.WebpageTest -->
    </test> <!-- Surefire test -->
  </suite> <!-- Surefire suite -->
</testng-results>
